2019/10/02 15:14:50 [emerg] 14#14: open() "/var/www/logs/nginx-error.log" failed (2: No such file or directory)
2019/10/02 15:14:51 [emerg] 18#18: open() "/var/www/logs/nginx-error.log" failed (2: No such file or directory)
2019/10/02 15:14:53 [emerg] 19#19: open() "/var/www/logs/nginx-error.log" failed (2: No such file or directory)
2019/10/02 15:14:56 [emerg] 20#20: open() "/var/www/logs/nginx-error.log" failed (2: No such file or directory)
2019/10/02 15:18:42 [emerg] 14#14: open() "/var/www/logs/nginx-error.log" failed (2: No such file or directory)
2019/10/02 15:18:43 [emerg] 18#18: open() "/var/www/logs/nginx-error.log" failed (2: No such file or directory)
2019/10/02 15:18:45 [emerg] 19#19: open() "/var/www/logs/nginx-error.log" failed (2: No such file or directory)
2019/10/02 15:18:48 [emerg] 20#20: open() "/var/www/logs/nginx-error.log" failed (2: No such file or directory)
2019/10/02 15:22:45 [emerg] 14#14: open() "/var/www/logs/nginx-error.log" failed (2: No such file or directory)
2019/10/02 15:22:46 [emerg] 18#18: open() "/var/www/logs/nginx-error.log" failed (2: No such file or directory)
2019/10/02 15:22:48 [emerg] 19#19: open() "/var/www/logs/nginx-error.log" failed (2: No such file or directory)
2019/10/02 15:22:51 [emerg] 20#20: open() "/var/www/logs/nginx-error.log" failed (2: No such file or directory)
2019/10/02 15:43:17 [emerg] 14#14: duplicate listen options for [::]:80 in /etc/nginx/sites-enabled/wsq-local.colourlife.com.conf:3
2019/10/02 15:43:18 [emerg] 18#18: duplicate listen options for [::]:80 in /etc/nginx/sites-enabled/wsq-local.colourlife.com.conf:3
2019/10/02 15:43:20 [emerg] 19#19: duplicate listen options for [::]:80 in /etc/nginx/sites-enabled/wsq-local.colourlife.com.conf:3
2019/10/02 15:43:24 [emerg] 20#20: duplicate listen options for [::]:80 in /etc/nginx/sites-enabled/wsq-local.colourlife.com.conf:3
2019/10/02 15:44:47 [emerg] 14#14: duplicate listen options for [::]:80 in /etc/nginx/sites-enabled/wsq-local.colourlife.com.conf:3
2019/10/02 15:44:48 [emerg] 18#18: duplicate listen options for [::]:80 in /etc/nginx/sites-enabled/wsq-local.colourlife.com.conf:3
2019/10/02 15:44:50 [emerg] 19#19: duplicate listen options for [::]:80 in /etc/nginx/sites-enabled/wsq-local.colourlife.com.conf:3
2019/10/02 15:44:53 [emerg] 20#20: duplicate listen options for [::]:80 in /etc/nginx/sites-enabled/wsq-local.colourlife.com.conf:3
2019/10/02 15:52:24 [emerg] 14#14: duplicate listen options for [::]:80 in /etc/nginx/sites-enabled/wsq-local.colourlife.com.conf:3
2019/10/02 15:52:25 [emerg] 18#18: duplicate listen options for [::]:80 in /etc/nginx/sites-enabled/wsq-local.colourlife.com.conf:3
2019/10/02 15:52:27 [emerg] 19#19: duplicate listen options for [::]:80 in /etc/nginx/sites-enabled/wsq-local.colourlife.com.conf:3
2019/10/02 15:52:30 [emerg] 20#20: duplicate listen options for [::]:80 in /etc/nginx/sites-enabled/wsq-local.colourlife.com.conf:3
2019/10/02 16:00:02 [emerg] 15#15: duplicate listen options for [::]:80 in /etc/nginx/sites-enabled/wsq-local.colourlife.com.conf:3
2019/10/02 16:00:03 [emerg] 19#19: duplicate listen options for [::]:80 in /etc/nginx/sites-enabled/wsq-local.colourlife.com.conf:3
2019/10/02 16:00:05 [emerg] 20#20: duplicate listen options for [::]:80 in /etc/nginx/sites-enabled/wsq-local.colourlife.com.conf:3
2019/10/02 16:00:08 [emerg] 21#21: duplicate listen options for [::]:80 in /etc/nginx/sites-enabled/wsq-local.colourlife.com.conf:3
2019/10/02 16:04:45 [emerg] 14#14: unexpected end of file, expecting ";" or "}" in /etc/nginx/sites-enabled/wsq-local.colourlife.com.conf:74
2019/10/02 16:04:46 [emerg] 18#18: unexpected end of file, expecting ";" or "}" in /etc/nginx/sites-enabled/wsq-local.colourlife.com.conf:74
2019/10/02 16:04:48 [emerg] 19#19: unexpected end of file, expecting ";" or "}" in /etc/nginx/sites-enabled/wsq-local.colourlife.com.conf:74
2019/10/02 16:04:51 [emerg] 20#20: unexpected end of file, expecting ";" or "}" in /etc/nginx/sites-enabled/wsq-local.colourlife.com.conf:74
2019/10/04 06:22:00 [emerg] 15#15: open() "/var/www/logs/nginx-error.log" failed (2: No such file or directory)
2019/10/04 06:22:01 [emerg] 19#19: open() "/var/www/logs/nginx-error.log" failed (2: No such file or directory)
2019/10/04 06:22:03 [emerg] 20#20: open() "/var/www/logs/nginx-error.log" failed (2: No such file or directory)
2019/10/04 06:22:06 [emerg] 21#21: open() "/var/www/logs/nginx-error.log" failed (2: No such file or directory)
2019/10/04 06:36:02 [emerg] 15#15: open() "/var/www/logs/nginx-error.log" failed (2: No such file or directory)
2019/10/04 06:36:03 [emerg] 19#19: open() "/var/www/logs/nginx-error.log" failed (2: No such file or directory)
2019/10/04 06:36:05 [emerg] 20#20: open() "/var/www/logs/nginx-error.log" failed (2: No such file or directory)
2019/10/04 06:36:09 [emerg] 21#21: open() "/var/www/logs/nginx-error.log" failed (2: No such file or directory)
2019/10/04 06:37:39 [emerg] 28#28: open() "/var/www/logs/nginx-error.log" failed (2: No such file or directory)
2019/10/04 06:44:17 [emerg] 15#15: open() "/var/www/logs/nginx-error.log" failed (2: No such file or directory)
2019/10/04 06:44:19 [emerg] 19#19: open() "/var/www/logs/nginx-error.log" failed (2: No such file or directory)
2019/10/04 06:44:21 [emerg] 20#20: open() "/var/www/logs/nginx-error.log" failed (2: No such file or directory)
2019/10/04 06:44:24 [emerg] 21#21: open() "/var/www/logs/nginx-error.log" failed (2: No such file or directory)
2019/10/04 06:45:05 [emerg] 28#28: open() "/var/www/logs/nginx-error.log" failed (2: No such file or directory)
2019/10/04 06:46:15 [notice] 32#32: signal process started
2019/10/04 06:46:15 [error] 32#32: invalid PID number "" in "/var/run/nginx.pid"
2019/10/04 06:49:47 [emerg] 15#15: open() "/var/www/logs/nginx-error.log" failed (2: No such file or directory)
2019/10/04 06:49:48 [emerg] 19#19: open() "/var/www/logs/nginx-error.log" failed (2: No such file or directory)
2019/10/04 06:49:50 [emerg] 20#20: open() "/var/www/logs/nginx-error.log" failed (2: No such file or directory)
2019/10/04 06:49:53 [emerg] 21#21: open() "/var/www/logs/nginx-error.log" failed (2: No such file or directory)
2019/10/04 06:52:40 [emerg] 16#16: open() "/var/www/logs/nginx-error.log" failed (2: No such file or directory)
2019/10/04 06:52:41 [emerg] 20#20: open() "/var/www/logs/nginx-error.log" failed (2: No such file or directory)
2019/10/04 06:52:43 [emerg] 21#21: open() "/var/www/logs/nginx-error.log" failed (2: No such file or directory)
2019/10/04 06:52:46 [emerg] 22#22: open() "/var/www/logs/nginx-error.log" failed (2: No such file or directory)
2019/10/04 06:56:41 [emerg] 15#15: open() "/var/www/logs/nginx-error.log" failed (2: No such file or directory)
2019/10/04 06:56:42 [emerg] 19#19: open() "/var/www/logs/nginx-error.log" failed (2: No such file or directory)
2019/10/04 06:56:44 [emerg] 20#20: open() "/var/www/logs/nginx-error.log" failed (2: No such file or directory)
2019/10/04 06:56:47 [emerg] 21#21: open() "/var/www/logs/nginx-error.log" failed (2: No such file or directory)
2019/10/04 07:37:00 [warn] 15#15: conflicting server name "wsq-local.colourlife.com" on 0.0.0.0:80, ignored
2019/10/04 07:41:31 [notice] 27#27: signal process started
2019/10/08 03:43:10 [emerg] 16#16: duplicate listen options for [::]:80 in /etc/nginx/sites-enabled/caifuapi-local.colourlife.com.conf:3
2019/10/08 03:43:12 [emerg] 20#20: duplicate listen options for [::]:80 in /etc/nginx/sites-enabled/caifuapi-local.colourlife.com.conf:3
2019/10/08 03:43:14 [emerg] 21#21: duplicate listen options for [::]:80 in /etc/nginx/sites-enabled/caifuapi-local.colourlife.com.conf:3
2019/10/08 03:43:17 [emerg] 22#22: duplicate listen options for [::]:80 in /etc/nginx/sites-enabled/caifuapi-local.colourlife.com.conf:3
2019/10/17 01:36:12 [notice] 6455#6455: signal process started
2019/12/11 09:59:49 [alert] 15#15: detected a LuaJIT version which is not OpenResty's; many optimizations will be disabled and performance will be compromised (see https://github.com/openresty/luajit2 for OpenResty's LuaJIT or, even better, consider using the OpenResty releases from https://openresty.org/en/download.html)
2019/12/11 12:17:53 [alert] 16#16: detected a LuaJIT version which is not OpenResty's; many optimizations will be disabled and performance will be compromised (see https://github.com/openresty/luajit2 for OpenResty's LuaJIT or, even better, consider using the OpenResty releases from https://openresty.org/en/download.html)
2019/12/11 14:49:23 [notice] 369#369: signal process started
2019/12/12 15:29:08 [notice] 1175#1175: signal process started
2019/12/18 10:10:56 [notice] 107#107: signal process started
